<?xml version="1.0" encoding="UTF-8"?>
<!-- Generated by org.testng.reporters.JUnitXMLReporter -->
<testsuite hostname="DESKTOP-R5U0RRK" name="Test" tests="1" failures="1" timestamp="4 Jun 2024 02:44:23 GMT" time="15.777" errors="0">
  <testcase name="verifyLoginPageFunctionality" time="5.405" classname="com.saucelab.testCases.RegressionTestCases">
    <failure type="java.lang.AssertionError" message="expected [true] but found [false]">
      <![CDATA[java.lang.AssertionError: expected [true] but found [false]
	at com.saucelab.testCases.RegressionTestCases.verifyLoginPageFunctionality(RegressionTestCases.java:42)
... Removed 29 stack frames]]>
    </failure>
  </testcase> <!-- verifyLoginPageFunctionality -->
</testsuite> <!-- Test -->
